{"C:\\Users\\krsti\\OneDrive\\Dokumenti\\UPI\\upi-projekt-internship\\backend\\server.js": {"path":"C:\\Users\\krsti\\OneDrive\\Dokumenti\\UPI\\upi-projekt-internship\\backend\\server.js","statementMap":{"0":{"start":{"line":4,"column":17},"end":{"line":4,"column":20}},"1":{"start":{"line":7,"column":12},"end":{"line":7,"column":21}},"2":{"start":{"line":8,"column":0},"end":{"line":8,"column":16}},"3":{"start":{"line":9,"column":0},"end":{"line":9,"column":16}},"4":{"start":{"line":10,"column":0},"end":{"line":10,"column":48}},"5":{"start":{"line":13,"column":13},"end":{"line":19,"column":2}},"6":{"start":{"line":21,"column":26},"end":{"line":31,"column":1}},"7":{"start":{"line":33,"column":0},"end":{"line":38,"column":3}},"8":{"start":{"line":34,"column":2},"end":{"line":37,"column":5}},"9":{"start":{"line":42,"column":0},"end":{"line":64,"column":3}},"10":{"start":{"line":43,"column":20},"end":{"line":43,"column":30}},"11":{"start":{"line":46,"column":2},"end":{"line":47,"column":46}},"12":{"start":{"line":47,"column":4},"end":{"line":47,"column":46}},"13":{"start":{"line":49,"column":2},"end":{"line":63,"column":3}},"14":{"start":{"line":50,"column":21},"end":{"line":50,"column":65}},"15":{"start":{"line":52,"column":4},"end":{"line":53,"column":48}},"16":{"start":{"line":53,"column":6},"end":{"line":53,"column":48}},"17":{"start":{"line":55,"column":4},"end":{"line":58,"column":7}},"18":{"start":{"line":60,"column":4},"end":{"line":60,"column":66}},"19":{"start":{"line":62,"column":4},"end":{"line":62,"column":42}},"20":{"start":{"line":66,"column":0},"end":{"line":92,"column":3}},"21":{"start":{"line":67,"column":15},"end":{"line":67,"column":25}},"22":{"start":{"line":68,"column":20},"end":{"line":68,"column":30}},"23":{"start":{"line":71,"column":2},"end":{"line":73,"column":3}},"24":{"start":{"line":72,"column":4},"end":{"line":72,"column":46}},"25":{"start":{"line":75,"column":2},"end":{"line":91,"column":3}},"26":{"start":{"line":78,"column":21},"end":{"line":78,"column":85}},"27":{"start":{"line":80,"column":4},"end":{"line":81,"column":48}},"28":{"start":{"line":81,"column":6},"end":{"line":81,"column":48}},"29":{"start":{"line":83,"column":4},"end":{"line":86,"column":7}},"30":{"start":{"line":88,"column":4},"end":{"line":88,"column":66}},"31":{"start":{"line":90,"column":4},"end":{"line":90,"column":42}},"32":{"start":{"line":96,"column":0},"end":{"line":116,"column":3}},"33":{"start":{"line":97,"column":33},"end":{"line":97,"column":41}},"34":{"start":{"line":98,"column":2},"end":{"line":98,"column":65}},"35":{"start":{"line":100,"column":2},"end":{"line":115,"column":3}},"36":{"start":{"line":101,"column":19},"end":{"line":104,"column":5}},"37":{"start":{"line":106,"column":4},"end":{"line":106,"column":29}},"38":{"start":{"line":108,"column":4},"end":{"line":112,"column":5}},"39":{"start":{"line":109,"column":6},"end":{"line":109,"column":46}},"40":{"start":{"line":111,"column":6},"end":{"line":111,"column":44}},"41":{"start":{"line":114,"column":4},"end":{"line":114,"column":51}},"42":{"start":{"line":120,"column":13},"end":{"line":120,"column":17}},"43":{"start":{"line":121,"column":15},"end":{"line":123,"column":2}},"44":{"start":{"line":122,"column":2},"end":{"line":122,"column":63}},"45":{"start":{"line":126,"column":17},"end":{"line":138,"column":1}},"46":{"start":{"line":127,"column":2},"end":{"line":137,"column":3}},"47":{"start":{"line":128,"column":4},"end":{"line":128,"column":21}},"48":{"start":{"line":129,"column":4},"end":{"line":129,"column":45}},"49":{"start":{"line":130,"column":4},"end":{"line":133,"column":7}},"50":{"start":{"line":131,"column":6},"end":{"line":131,"column":38}},"51":{"start":{"line":132,"column":6},"end":{"line":132,"column":22}},"52":{"start":{"line":135,"column":4},"end":{"line":135,"column":58}},"53":{"start":{"line":136,"column":4},"end":{"line":136,"column":20}},"54":{"start":{"line":140,"column":0},"end":{"line":140,"column":31}},"55":{"start":{"line":141,"column":0},"end":{"line":141,"column":32}}},"fnMap":{"0":{"name":"(anonymous_0)","decl":{"start":{"line":33,"column":13},"end":{"line":33,"column":14}},"loc":{"start":{"line":33,"column":27},"end":{"line":38,"column":1}},"line":33},"1":{"name":"(anonymous_1)","decl":{"start":{"line":42,"column":21},"end":{"line":42,"column":22}},"loc":{"start":{"line":42,"column":41},"end":{"line":64,"column":1}},"line":42},"2":{"name":"(anonymous_2)","decl":{"start":{"line":66,"column":25},"end":{"line":66,"column":26}},"loc":{"start":{"line":66,"column":45},"end":{"line":92,"column":1}},"line":66},"3":{"name":"(anonymous_3)","decl":{"start":{"line":96,"column":19},"end":{"line":96,"column":20}},"loc":{"start":{"line":96,"column":39},"end":{"line":116,"column":1}},"line":96},"4":{"name":"(anonymous_4)","decl":{"start":{"line":121,"column":32},"end":{"line":121,"column":33}},"loc":{"start":{"line":121,"column":38},"end":{"line":123,"column":1}},"line":121},"5":{"name":"(anonymous_5)","decl":{"start":{"line":126,"column":17},"end":{"line":126,"column":18}},"loc":{"start":{"line":126,"column":29},"end":{"line":138,"column":1}},"line":126},"6":{"name":"(anonymous_6)","decl":{"start":{"line":130,"column":17},"end":{"line":130,"column":18}},"loc":{"start":{"line":130,"column":23},"end":{"line":133,"column":5}},"line":130}},"branchMap":{"0":{"loc":{"start":{"line":46,"column":2},"end":{"line":47,"column":46}},"type":"if","locations":[{"start":{"line":46,"column":2},"end":{"line":47,"column":46}},{"start":{},"end":{}}],"line":46},"1":{"loc":{"start":{"line":52,"column":4},"end":{"line":53,"column":48}},"type":"if","locations":[{"start":{"line":52,"column":4},"end":{"line":53,"column":48}},{"start":{},"end":{}}],"line":52},"2":{"loc":{"start":{"line":71,"column":2},"end":{"line":73,"column":3}},"type":"if","locations":[{"start":{"line":71,"column":2},"end":{"line":73,"column":3}},{"start":{},"end":{}}],"line":71},"3":{"loc":{"start":{"line":80,"column":4},"end":{"line":81,"column":48}},"type":"if","locations":[{"start":{"line":80,"column":4},"end":{"line":81,"column":48}},{"start":{},"end":{}}],"line":80},"4":{"loc":{"start":{"line":108,"column":4},"end":{"line":112,"column":5}},"type":"if","locations":[{"start":{"line":108,"column":4},"end":{"line":112,"column":5}},{"start":{"line":110,"column":11},"end":{"line":112,"column":5}}],"line":108}},"s":{"0":1,"1":1,"2":1,"3":1,"4":1,"5":1,"6":1,"7":1,"8":1,"9":1,"10":0,"11":0,"12":0,"13":0,"14":0,"15":0,"16":0,"17":0,"18":0,"19":0,"20":1,"21":0,"22":0,"23":0,"24":0,"25":0,"26":0,"27":0,"28":0,"29":0,"30":0,"31":0,"32":1,"33":0,"34":0,"35":0,"36":0,"37":0,"38":0,"39":0,"40":0,"41":0,"42":1,"43":1,"44":1,"45":1,"46":0,"47":0,"48":0,"49":0,"50":0,"51":0,"52":0,"53":0,"54":1,"55":1},"f":{"0":1,"1":0,"2":0,"3":0,"4":1,"5":0,"6":0},"b":{"0":[0,0],"1":[0,0],"2":[0,0],"3":[0,0],"4":[0,0]},"inputSourceMap":null,"_coverageSchema":"1a1c01bbd47fc00a2c39e90264f33305004495a9","hash":"919d8abefc80a99925bc35eb9143e767f77c5b2b"}
}
